<?xml version="1.0" encoding="UTF-8"?>
<testsuite xmlns:xsi="http://www.w3.org/2001/XMLSchema-instance" xsi:noNamespaceSchemaLocation="https://maven.apache.org/surefire/maven-surefire-plugin/xsd/surefire-test-report-3.0.xsd" version="3.0" name="com.jwattsuk.tradingexchange.matching.OrderBookTest" time="0.095" tests="14" errors="0" skipped="0" failures="0">
  <properties>
    <property name="java.specification.version" value="21"/>
    <property name="sun.jnu.encoding" value="UTF-8"/>
    <property name="java.class.path" value="/Users/jonathanwatts/dev/trading-exchange/target/test-classes:/Users/jonathanwatts/dev/trading-exchange/target/classes:/Users/jonathanwatts/.m2/repository/org/quickfixj/quickfixj-core/2.3.1/quickfixj-core-2.3.1.jar:/Users/jonathanwatts/.m2/repository/org/apache/mina/mina-core/2.1.4/mina-core-2.1.4.jar:/Users/jonathanwatts/.m2/repository/org/quickfixj/quickfixj-all/2.3.1/quickfixj-all-2.3.1.jar:/Users/jonathanwatts/.m2/repository/org/quickfixj/quickfixj-messages-all/2.3.1/quickfixj-messages-all-2.3.1.jar:/Users/jonathanwatts/.m2/repository/org/quickfixj/quickfixj-codegenerator/2.3.1/quickfixj-codegenerator-2.3.1.jar:/Users/jonathanwatts/.m2/repository/org/apache/maven/maven-plugin-api/3.8.1/maven-plugin-api-3.8.1.jar:/Users/jonathanwatts/.m2/repository/org/apache/maven/maven-model/3.8.1/maven-model-3.8.1.jar:/Users/jonathanwatts/.m2/repository/org/apache/maven/maven-artifact/3.8.1/maven-artifact-3.8.1.jar:/Users/jonathanwatts/.m2/repository/org/apache/commons/commons-lang3/3.8.1/commons-lang3-3.8.1.jar:/Users/jonathanwatts/.m2/repository/org/eclipse/sisu/org.eclipse.sisu.plexus/0.3.4/org.eclipse.sisu.plexus-0.3.4.jar:/Users/jonathanwatts/.m2/repository/javax/enterprise/cdi-api/1.0/cdi-api-1.0.jar:/Users/jonathanwatts/.m2/repository/javax/annotation/jsr250-api/1.0/jsr250-api-1.0.jar:/Users/jonathanwatts/.m2/repository/javax/inject/javax.inject/1/javax.inject-1.jar:/Users/jonathanwatts/.m2/repository/org/eclipse/sisu/org.eclipse.sisu.inject/0.3.4/org.eclipse.sisu.inject-0.3.4.jar:/Users/jonathanwatts/.m2/repository/org/codehaus/plexus/plexus-component-annotations/1.5.5/plexus-component-annotations-1.5.5.jar:/Users/jonathanwatts/.m2/repository/org/codehaus/plexus/plexus-utils/3.2.1/plexus-utils-3.2.1.jar:/Users/jonathanwatts/.m2/repository/org/codehaus/plexus/plexus-classworlds/2.6.0/plexus-classworlds-2.6.0.jar:/Users/jonathanwatts/.m2/repository/org/apache/maven/maven-project/2.2.1/maven-project-2.2.1.jar:/Users/jonathanwatts/.m2/repository/org/apache/maven/maven-settings/2.2.1/maven-settings-2.2.1.jar:/Users/jonathanwatts/.m2/repository/org/apache/maven/maven-profile/2.2.1/maven-profile-2.2.1.jar:/Users/jonathanwatts/.m2/repository/org/apache/maven/maven-artifact-manager/2.2.1/maven-artifact-manager-2.2.1.jar:/Users/jonathanwatts/.m2/repository/org/apache/maven/maven-repository-metadata/2.2.1/maven-repository-metadata-2.2.1.jar:/Users/jonathanwatts/.m2/repository/org/apache/maven/wagon/wagon-provider-api/1.0-beta-6/wagon-provider-api-1.0-beta-6.jar:/Users/jonathanwatts/.m2/repository/backport-util-concurrent/backport-util-concurrent/3.1/backport-util-concurrent-3.1.jar:/Users/jonathanwatts/.m2/repository/org/apache/maven/maven-plugin-registry/2.2.1/maven-plugin-registry-2.2.1.jar:/Users/jonathanwatts/.m2/repository/org/codehaus/plexus/plexus-interpolation/1.11/plexus-interpolation-1.11.jar:/Users/jonathanwatts/.m2/repository/org/codehaus/plexus/plexus-container-default/1.0-alpha-9-stable-1/plexus-container-default-1.0-alpha-9-stable-1.jar:/Users/jonathanwatts/.m2/repository/junit/junit/3.8.1/junit-3.8.1.jar:/Users/jonathanwatts/.m2/repository/classworlds/classworlds/1.1-alpha-2/classworlds-1.1-alpha-2.jar:/Users/jonathanwatts/.m2/repository/net/sf/saxon/Saxon-HE/9.8.0-4/Saxon-HE-9.8.0-4.jar:/Users/jonathanwatts/.m2/repository/org/quickfixj/quickfixj-dictgenerator/2.3.1/quickfixj-dictgenerator-2.3.1.jar:/Users/jonathanwatts/.m2/repository/jaxen/jaxen/1.2.0/jaxen-1.2.0.jar:/Users/jonathanwatts/.m2/repository/org/slf4j/slf4j-api/2.0.9/slf4j-api-2.0.9.jar:/Users/jonathanwatts/.m2/repository/ch/qos/logback/logback-classic/1.4.11/logback-classic-1.4.11.jar:/Users/jonathanwatts/.m2/repository/ch/qos/logback/logback-core/1.4.11/logback-core-1.4.11.jar:/Users/jonathanwatts/.m2/repository/com/fasterxml/jackson/core/jackson-databind/2.15.2/jackson-databind-2.15.2.jar:/Users/jonathanwatts/.m2/repository/com/fasterxml/jackson/core/jackson-annotations/2.15.2/jackson-annotations-2.15.2.jar:/Users/jonathanwatts/.m2/repository/com/fasterxml/jackson/core/jackson-core/2.15.2/jackson-core-2.15.2.jar:/Users/jonathanwatts/.m2/repository/io/netty/netty-all/4.1.94.Final/netty-all-4.1.94.Final.jar:/Users/jonathanwatts/.m2/repository/io/netty/netty-buffer/4.1.94.Final/netty-buffer-4.1.94.Final.jar:/Users/jonathanwatts/.m2/repository/io/netty/netty-codec/4.1.94.Final/netty-codec-4.1.94.Final.jar:/Users/jonathanwatts/.m2/repository/io/netty/netty-codec-dns/4.1.94.Final/netty-codec-dns-4.1.94.Final.jar:/Users/jonathanwatts/.m2/repository/io/netty/netty-codec-haproxy/4.1.94.Final/netty-codec-haproxy-4.1.94.Final.jar:/Users/jonathanwatts/.m2/repository/io/netty/netty-codec-http/4.1.94.Final/netty-codec-http-4.1.94.Final.jar:/Users/jonathanwatts/.m2/repository/io/netty/netty-codec-http2/4.1.94.Final/netty-codec-http2-4.1.94.Final.jar:/Users/jonathanwatts/.m2/repository/io/netty/netty-codec-memcache/4.1.94.Final/netty-codec-memcache-4.1.94.Final.jar:/Users/jonathanwatts/.m2/repository/io/netty/netty-codec-mqtt/4.1.94.Final/netty-codec-mqtt-4.1.94.Final.jar:/Users/jonathanwatts/.m2/repository/io/netty/netty-codec-redis/4.1.94.Final/netty-codec-redis-4.1.94.Final.jar:/Users/jonathanwatts/.m2/repository/io/netty/netty-codec-smtp/4.1.94.Final/netty-codec-smtp-4.1.94.Final.jar:/Users/jonathanwatts/.m2/repository/io/netty/netty-codec-socks/4.1.94.Final/netty-codec-socks-4.1.94.Final.jar:/Users/jonathanwatts/.m2/repository/io/netty/netty-codec-stomp/4.1.94.Final/netty-codec-stomp-4.1.94.Final.jar:/Users/jonathanwatts/.m2/repository/io/netty/netty-codec-xml/4.1.94.Final/netty-codec-xml-4.1.94.Final.jar:/Users/jonathanwatts/.m2/repository/io/netty/netty-common/4.1.94.Final/netty-common-4.1.94.Final.jar:/Users/jonathanwatts/.m2/repository/io/netty/netty-handler/4.1.94.Final/netty-handler-4.1.94.Final.jar:/Users/jonathanwatts/.m2/repository/io/netty/netty-transport-native-unix-common/4.1.94.Final/netty-transport-native-unix-common-4.1.94.Final.jar:/Users/jonathanwatts/.m2/repository/io/netty/netty-handler-proxy/4.1.94.Final/netty-handler-proxy-4.1.94.Final.jar:/Users/jonathanwatts/.m2/repository/io/netty/netty-handler-ssl-ocsp/4.1.94.Final/netty-handler-ssl-ocsp-4.1.94.Final.jar:/Users/jonathanwatts/.m2/repository/io/netty/netty-resolver/4.1.94.Final/netty-resolver-4.1.94.Final.jar:/Users/jonathanwatts/.m2/repository/io/netty/netty-resolver-dns/4.1.94.Final/netty-resolver-dns-4.1.94.Final.jar:/Users/jonathanwatts/.m2/repository/io/netty/netty-transport/4.1.94.Final/netty-transport-4.1.94.Final.jar:/Users/jonathanwatts/.m2/repository/io/netty/netty-transport-rxtx/4.1.94.Final/netty-transport-rxtx-4.1.94.Final.jar:/Users/jonathanwatts/.m2/repository/io/netty/netty-transport-sctp/4.1.94.Final/netty-transport-sctp-4.1.94.Final.jar:/Users/jonathanwatts/.m2/repository/io/netty/netty-transport-udt/4.1.94.Final/netty-transport-udt-4.1.94.Final.jar:/Users/jonathanwatts/.m2/repository/io/netty/netty-transport-classes-epoll/4.1.94.Final/netty-transport-classes-epoll-4.1.94.Final.jar:/Users/jonathanwatts/.m2/repository/io/netty/netty-transport-classes-kqueue/4.1.94.Final/netty-transport-classes-kqueue-4.1.94.Final.jar:/Users/jonathanwatts/.m2/repository/io/netty/netty-resolver-dns-classes-macos/4.1.94.Final/netty-resolver-dns-classes-macos-4.1.94.Final.jar:/Users/jonathanwatts/.m2/repository/io/netty/netty-transport-native-epoll/4.1.94.Final/netty-transport-native-epoll-4.1.94.Final-linux-x86_64.jar:/Users/jonathanwatts/.m2/repository/io/netty/netty-transport-native-epoll/4.1.94.Final/netty-transport-native-epoll-4.1.94.Final-linux-aarch_64.jar:/Users/jonathanwatts/.m2/repository/io/netty/netty-transport-native-kqueue/4.1.94.Final/netty-transport-native-kqueue-4.1.94.Final-osx-x86_64.jar:/Users/jonathanwatts/.m2/repository/io/netty/netty-transport-native-kqueue/4.1.94.Final/netty-transport-native-kqueue-4.1.94.Final-osx-aarch_64.jar:/Users/jonathanwatts/.m2/repository/io/netty/netty-resolver-dns-native-macos/4.1.94.Final/netty-resolver-dns-native-macos-4.1.94.Final-osx-x86_64.jar:/Users/jonathanwatts/.m2/repository/io/netty/netty-resolver-dns-native-macos/4.1.94.Final/netty-resolver-dns-native-macos-4.1.94.Final-osx-aarch_64.jar:/Users/jonathanwatts/.m2/repository/org/junit/jupiter/junit-jupiter/5.9.3/junit-jupiter-5.9.3.jar:/Users/jonathanwatts/.m2/repository/org/junit/jupiter/junit-jupiter-api/5.9.3/junit-jupiter-api-5.9.3.jar:/Users/jonathanwatts/.m2/repository/org/opentest4j/opentest4j/1.2.0/opentest4j-1.2.0.jar:/Users/jonathanwatts/.m2/repository/org/junit/platform/junit-platform-commons/1.9.3/junit-platform-commons-1.9.3.jar:/Users/jonathanwatts/.m2/repository/org/junit/jupiter/junit-jupiter-params/5.9.3/junit-jupiter-params-5.9.3.jar:/Users/jonathanwatts/.m2/repository/org/junit/jupiter/junit-jupiter-engine/5.9.3/junit-jupiter-engine-5.9.3.jar:/Users/jonathanwatts/.m2/repository/org/junit/platform/junit-platform-engine/1.9.3/junit-platform-engine-1.9.3.jar:/Users/jonathanwatts/.m2/repository/org/apiguardian/apiguardian-api/1.1.2/apiguardian-api-1.1.2.jar:/Users/jonathanwatts/.m2/repository/org/mockito/mockito-core/5.3.1/mockito-core-5.3.1.jar:/Users/jonathanwatts/.m2/repository/net/bytebuddy/byte-buddy/1.14.4/byte-buddy-1.14.4.jar:/Users/jonathanwatts/.m2/repository/net/bytebuddy/byte-buddy-agent/1.14.4/byte-buddy-agent-1.14.4.jar:/Users/jonathanwatts/.m2/repository/org/objenesis/objenesis/3.3/objenesis-3.3.jar:/Users/jonathanwatts/.m2/repository/org/mockito/mockito-junit-jupiter/5.3.1/mockito-junit-jupiter-5.3.1.jar:"/>
    <property name="java.vm.vendor" value="Azul Systems, Inc."/>
    <property name="sun.arch.data.model" value="64"/>
    <property name="java.vendor.url" value="http://www.azul.com/"/>
    <property name="user.timezone" value="Europe/London"/>
    <property name="os.name" value="Mac OS X"/>
    <property name="java.vm.specification.version" value="21"/>
    <property name="sun.java.launcher" value="SUN_STANDARD"/>
    <property name="user.country" value="GB"/>
    <property name="sun.boot.library.path" value="/Library/Java/JavaVirtualMachines/zulu-21.jdk/Contents/Home/lib"/>
    <property name="sun.java.command" value="/Users/jonathanwatts/dev/trading-exchange/target/surefire/surefirebooter-20250829173841141_3.jar /Users/jonathanwatts/dev/trading-exchange/target/surefire 2025-08-29T17-38-41_115-jvmRun1 surefire-20250829173841141_1tmp surefire_0-20250829173841141_2tmp"/>
    <property name="jdk.debug" value="release"/>
    <property name="surefire.test.class.path" value="/Users/jonathanwatts/dev/trading-exchange/target/test-classes:/Users/jonathanwatts/dev/trading-exchange/target/classes:/Users/jonathanwatts/.m2/repository/org/quickfixj/quickfixj-core/2.3.1/quickfixj-core-2.3.1.jar:/Users/jonathanwatts/.m2/repository/org/apache/mina/mina-core/2.1.4/mina-core-2.1.4.jar:/Users/jonathanwatts/.m2/repository/org/quickfixj/quickfixj-all/2.3.1/quickfixj-all-2.3.1.jar:/Users/jonathanwatts/.m2/repository/org/quickfixj/quickfixj-messages-all/2.3.1/quickfixj-messages-all-2.3.1.jar:/Users/jonathanwatts/.m2/repository/org/quickfixj/quickfixj-codegenerator/2.3.1/quickfixj-codegenerator-2.3.1.jar:/Users/jonathanwatts/.m2/repository/org/apache/maven/maven-plugin-api/3.8.1/maven-plugin-api-3.8.1.jar:/Users/jonathanwatts/.m2/repository/org/apache/maven/maven-model/3.8.1/maven-model-3.8.1.jar:/Users/jonathanwatts/.m2/repository/org/apache/maven/maven-artifact/3.8.1/maven-artifact-3.8.1.jar:/Users/jonathanwatts/.m2/repository/org/apache/commons/commons-lang3/3.8.1/commons-lang3-3.8.1.jar:/Users/jonathanwatts/.m2/repository/org/eclipse/sisu/org.eclipse.sisu.plexus/0.3.4/org.eclipse.sisu.plexus-0.3.4.jar:/Users/jonathanwatts/.m2/repository/javax/enterprise/cdi-api/1.0/cdi-api-1.0.jar:/Users/jonathanwatts/.m2/repository/javax/annotation/jsr250-api/1.0/jsr250-api-1.0.jar:/Users/jonathanwatts/.m2/repository/javax/inject/javax.inject/1/javax.inject-1.jar:/Users/jonathanwatts/.m2/repository/org/eclipse/sisu/org.eclipse.sisu.inject/0.3.4/org.eclipse.sisu.inject-0.3.4.jar:/Users/jonathanwatts/.m2/repository/org/codehaus/plexus/plexus-component-annotations/1.5.5/plexus-component-annotations-1.5.5.jar:/Users/jonathanwatts/.m2/repository/org/codehaus/plexus/plexus-utils/3.2.1/plexus-utils-3.2.1.jar:/Users/jonathanwatts/.m2/repository/org/codehaus/plexus/plexus-classworlds/2.6.0/plexus-classworlds-2.6.0.jar:/Users/jonathanwatts/.m2/repository/org/apache/maven/maven-project/2.2.1/maven-project-2.2.1.jar:/Users/jonathanwatts/.m2/repository/org/apache/maven/maven-settings/2.2.1/maven-settings-2.2.1.jar:/Users/jonathanwatts/.m2/repository/org/apache/maven/maven-profile/2.2.1/maven-profile-2.2.1.jar:/Users/jonathanwatts/.m2/repository/org/apache/maven/maven-artifact-manager/2.2.1/maven-artifact-manager-2.2.1.jar:/Users/jonathanwatts/.m2/repository/org/apache/maven/maven-repository-metadata/2.2.1/maven-repository-metadata-2.2.1.jar:/Users/jonathanwatts/.m2/repository/org/apache/maven/wagon/wagon-provider-api/1.0-beta-6/wagon-provider-api-1.0-beta-6.jar:/Users/jonathanwatts/.m2/repository/backport-util-concurrent/backport-util-concurrent/3.1/backport-util-concurrent-3.1.jar:/Users/jonathanwatts/.m2/repository/org/apache/maven/maven-plugin-registry/2.2.1/maven-plugin-registry-2.2.1.jar:/Users/jonathanwatts/.m2/repository/org/codehaus/plexus/plexus-interpolation/1.11/plexus-interpolation-1.11.jar:/Users/jonathanwatts/.m2/repository/org/codehaus/plexus/plexus-container-default/1.0-alpha-9-stable-1/plexus-container-default-1.0-alpha-9-stable-1.jar:/Users/jonathanwatts/.m2/repository/junit/junit/3.8.1/junit-3.8.1.jar:/Users/jonathanwatts/.m2/repository/classworlds/classworlds/1.1-alpha-2/classworlds-1.1-alpha-2.jar:/Users/jonathanwatts/.m2/repository/net/sf/saxon/Saxon-HE/9.8.0-4/Saxon-HE-9.8.0-4.jar:/Users/jonathanwatts/.m2/repository/org/quickfixj/quickfixj-dictgenerator/2.3.1/quickfixj-dictgenerator-2.3.1.jar:/Users/jonathanwatts/.m2/repository/jaxen/jaxen/1.2.0/jaxen-1.2.0.jar:/Users/jonathanwatts/.m2/repository/org/slf4j/slf4j-api/2.0.9/slf4j-api-2.0.9.jar:/Users/jonathanwatts/.m2/repository/ch/qos/logback/logback-classic/1.4.11/logback-classic-1.4.11.jar:/Users/jonathanwatts/.m2/repository/ch/qos/logback/logback-core/1.4.11/logback-core-1.4.11.jar:/Users/jonathanwatts/.m2/repository/com/fasterxml/jackson/core/jackson-databind/2.15.2/jackson-databind-2.15.2.jar:/Users/jonathanwatts/.m2/repository/com/fasterxml/jackson/core/jackson-annotations/2.15.2/jackson-annotations-2.15.2.jar:/Users/jonathanwatts/.m2/repository/com/fasterxml/jackson/core/jackson-core/2.15.2/jackson-core-2.15.2.jar:/Users/jonathanwatts/.m2/repository/io/netty/netty-all/4.1.94.Final/netty-all-4.1.94.Final.jar:/Users/jonathanwatts/.m2/repository/io/netty/netty-buffer/4.1.94.Final/netty-buffer-4.1.94.Final.jar:/Users/jonathanwatts/.m2/repository/io/netty/netty-codec/4.1.94.Final/netty-codec-4.1.94.Final.jar:/Users/jonathanwatts/.m2/repository/io/netty/netty-codec-dns/4.1.94.Final/netty-codec-dns-4.1.94.Final.jar:/Users/jonathanwatts/.m2/repository/io/netty/netty-codec-haproxy/4.1.94.Final/netty-codec-haproxy-4.1.94.Final.jar:/Users/jonathanwatts/.m2/repository/io/netty/netty-codec-http/4.1.94.Final/netty-codec-http-4.1.94.Final.jar:/Users/jonathanwatts/.m2/repository/io/netty/netty-codec-http2/4.1.94.Final/netty-codec-http2-4.1.94.Final.jar:/Users/jonathanwatts/.m2/repository/io/netty/netty-codec-memcache/4.1.94.Final/netty-codec-memcache-4.1.94.Final.jar:/Users/jonathanwatts/.m2/repository/io/netty/netty-codec-mqtt/4.1.94.Final/netty-codec-mqtt-4.1.94.Final.jar:/Users/jonathanwatts/.m2/repository/io/netty/netty-codec-redis/4.1.94.Final/netty-codec-redis-4.1.94.Final.jar:/Users/jonathanwatts/.m2/repository/io/netty/netty-codec-smtp/4.1.94.Final/netty-codec-smtp-4.1.94.Final.jar:/Users/jonathanwatts/.m2/repository/io/netty/netty-codec-socks/4.1.94.Final/netty-codec-socks-4.1.94.Final.jar:/Users/jonathanwatts/.m2/repository/io/netty/netty-codec-stomp/4.1.94.Final/netty-codec-stomp-4.1.94.Final.jar:/Users/jonathanwatts/.m2/repository/io/netty/netty-codec-xml/4.1.94.Final/netty-codec-xml-4.1.94.Final.jar:/Users/jonathanwatts/.m2/repository/io/netty/netty-common/4.1.94.Final/netty-common-4.1.94.Final.jar:/Users/jonathanwatts/.m2/repository/io/netty/netty-handler/4.1.94.Final/netty-handler-4.1.94.Final.jar:/Users/jonathanwatts/.m2/repository/io/netty/netty-transport-native-unix-common/4.1.94.Final/netty-transport-native-unix-common-4.1.94.Final.jar:/Users/jonathanwatts/.m2/repository/io/netty/netty-handler-proxy/4.1.94.Final/netty-handler-proxy-4.1.94.Final.jar:/Users/jonathanwatts/.m2/repository/io/netty/netty-handler-ssl-ocsp/4.1.94.Final/netty-handler-ssl-ocsp-4.1.94.Final.jar:/Users/jonathanwatts/.m2/repository/io/netty/netty-resolver/4.1.94.Final/netty-resolver-4.1.94.Final.jar:/Users/jonathanwatts/.m2/repository/io/netty/netty-resolver-dns/4.1.94.Final/netty-resolver-dns-4.1.94.Final.jar:/Users/jonathanwatts/.m2/repository/io/netty/netty-transport/4.1.94.Final/netty-transport-4.1.94.Final.jar:/Users/jonathanwatts/.m2/repository/io/netty/netty-transport-rxtx/4.1.94.Final/netty-transport-rxtx-4.1.94.Final.jar:/Users/jonathanwatts/.m2/repository/io/netty/netty-transport-sctp/4.1.94.Final/netty-transport-sctp-4.1.94.Final.jar:/Users/jonathanwatts/.m2/repository/io/netty/netty-transport-udt/4.1.94.Final/netty-transport-udt-4.1.94.Final.jar:/Users/jonathanwatts/.m2/repository/io/netty/netty-transport-classes-epoll/4.1.94.Final/netty-transport-classes-epoll-4.1.94.Final.jar:/Users/jonathanwatts/.m2/repository/io/netty/netty-transport-classes-kqueue/4.1.94.Final/netty-transport-classes-kqueue-4.1.94.Final.jar:/Users/jonathanwatts/.m2/repository/io/netty/netty-resolver-dns-classes-macos/4.1.94.Final/netty-resolver-dns-classes-macos-4.1.94.Final.jar:/Users/jonathanwatts/.m2/repository/io/netty/netty-transport-native-epoll/4.1.94.Final/netty-transport-native-epoll-4.1.94.Final-linux-x86_64.jar:/Users/jonathanwatts/.m2/repository/io/netty/netty-transport-native-epoll/4.1.94.Final/netty-transport-native-epoll-4.1.94.Final-linux-aarch_64.jar:/Users/jonathanwatts/.m2/repository/io/netty/netty-transport-native-kqueue/4.1.94.Final/netty-transport-native-kqueue-4.1.94.Final-osx-x86_64.jar:/Users/jonathanwatts/.m2/repository/io/netty/netty-transport-native-kqueue/4.1.94.Final/netty-transport-native-kqueue-4.1.94.Final-osx-aarch_64.jar:/Users/jonathanwatts/.m2/repository/io/netty/netty-resolver-dns-native-macos/4.1.94.Final/netty-resolver-dns-native-macos-4.1.94.Final-osx-x86_64.jar:/Users/jonathanwatts/.m2/repository/io/netty/netty-resolver-dns-native-macos/4.1.94.Final/netty-resolver-dns-native-macos-4.1.94.Final-osx-aarch_64.jar:/Users/jonathanwatts/.m2/repository/org/junit/jupiter/junit-jupiter/5.9.3/junit-jupiter-5.9.3.jar:/Users/jonathanwatts/.m2/repository/org/junit/jupiter/junit-jupiter-api/5.9.3/junit-jupiter-api-5.9.3.jar:/Users/jonathanwatts/.m2/repository/org/opentest4j/opentest4j/1.2.0/opentest4j-1.2.0.jar:/Users/jonathanwatts/.m2/repository/org/junit/platform/junit-platform-commons/1.9.3/junit-platform-commons-1.9.3.jar:/Users/jonathanwatts/.m2/repository/org/junit/jupiter/junit-jupiter-params/5.9.3/junit-jupiter-params-5.9.3.jar:/Users/jonathanwatts/.m2/repository/org/junit/jupiter/junit-jupiter-engine/5.9.3/junit-jupiter-engine-5.9.3.jar:/Users/jonathanwatts/.m2/repository/org/junit/platform/junit-platform-engine/1.9.3/junit-platform-engine-1.9.3.jar:/Users/jonathanwatts/.m2/repository/org/apiguardian/apiguardian-api/1.1.2/apiguardian-api-1.1.2.jar:/Users/jonathanwatts/.m2/repository/org/mockito/mockito-core/5.3.1/mockito-core-5.3.1.jar:/Users/jonathanwatts/.m2/repository/net/bytebuddy/byte-buddy/1.14.4/byte-buddy-1.14.4.jar:/Users/jonathanwatts/.m2/repository/net/bytebuddy/byte-buddy-agent/1.14.4/byte-buddy-agent-1.14.4.jar:/Users/jonathanwatts/.m2/repository/org/objenesis/objenesis/3.3/objenesis-3.3.jar:/Users/jonathanwatts/.m2/repository/org/mockito/mockito-junit-jupiter/5.3.1/mockito-junit-jupiter-5.3.1.jar:"/>
    <property name="sun.cpu.endian" value="little"/>
    <property name="user.home" value="/Users/jonathanwatts"/>
    <property name="user.language" value="en"/>
    <property name="java.specification.vendor" value="Oracle Corporation"/>
    <property name="java.version.date" value="2025-01-21"/>
    <property name="java.home" value="/Library/Java/JavaVirtualMachines/zulu-21.jdk/Contents/Home"/>
    <property name="file.separator" value="/"/>
    <property name="basedir" value="/Users/jonathanwatts/dev/trading-exchange"/>
    <property name="java.vm.compressedOopsMode" value="Zero based"/>
    <property name="line.separator" value="&#10;"/>
    <property name="java.vm.specification.vendor" value="Oracle Corporation"/>
    <property name="java.specification.name" value="Java Platform API Specification"/>
    <property name="apple.awt.application.name" value="ForkedBooter"/>
    <property name="surefire.real.class.path" value="/Users/jonathanwatts/dev/trading-exchange/target/surefire/surefirebooter-20250829173841141_3.jar"/>
    <property name="sun.management.compiler" value="HotSpot 64-Bit Tiered Compilers"/>
    <property name="java.runtime.version" value="21.0.6+7-LTS"/>
    <property name="user.name" value="jonathanwatts"/>
    <property name="stdout.encoding" value="UTF-8"/>
    <property name="path.separator" value=":"/>
    <property name="os.version" value="15.6"/>
    <property name="java.runtime.name" value="OpenJDK Runtime Environment"/>
    <property name="file.encoding" value="UTF-8"/>
    <property name="java.vm.name" value="OpenJDK 64-Bit Server VM"/>
    <property name="java.vendor.version" value="Zulu21.40+17-CA"/>
    <property name="localRepository" value="/Users/jonathanwatts/.m2/repository"/>
    <property name="java.vendor.url.bug" value="http://www.azul.com/support/"/>
    <property name="java.io.tmpdir" value="/var/folders/5q/05cyh_4176b_xd9txx44z4l80000gn/T/"/>
    <property name="java.version" value="21.0.6"/>
    <property name="user.dir" value="/Users/jonathanwatts/dev/trading-exchange"/>
    <property name="os.arch" value="aarch64"/>
    <property name="java.vm.specification.name" value="Java Virtual Machine Specification"/>
    <property name="native.encoding" value="UTF-8"/>
    <property name="java.library.path" value="/Users/jonathanwatts/Library/Java/Extensions:/Library/Java/Extensions:/Network/Library/Java/Extensions:/System/Library/Java/Extensions:/usr/lib/java:."/>
    <property name="java.vm.info" value="mixed mode, sharing"/>
    <property name="stderr.encoding" value="UTF-8"/>
    <property name="java.vendor" value="Azul Systems, Inc."/>
    <property name="java.vm.version" value="21.0.6+7-LTS"/>
    <property name="sun.io.unicode.encoding" value="UnicodeBig"/>
    <property name="java.class.version" value="65.0"/>
  </properties>
  <testcase name="testCancelNonExistentOrder" classname="com.jwattsuk.tradingexchange.matching.OrderBookTest" time="0.079"/>
  <testcase name="testMatchingSellOrder" classname="com.jwattsuk.tradingexchange.matching.OrderBookTest" time="0.003"/>
  <testcase name="testMarketOrderBuy" classname="com.jwattsuk.tradingexchange.matching.OrderBookTest" time="0.001"/>
  <testcase name="testZeroQuantityOrder" classname="com.jwattsuk.tradingexchange.matching.OrderBookTest" time="0.0"/>
  <testcase name="testOrderBookSnapshot" classname="com.jwattsuk.tradingexchange.matching.OrderBookTest" time="0.001"/>
  <testcase name="testAddSellOrder" classname="com.jwattsuk.tradingexchange.matching.OrderBookTest" time="0.001"/>
  <testcase name="testPartialFill" classname="com.jwattsuk.tradingexchange.matching.OrderBookTest" time="0.0"/>
  <testcase name="testMatchingBuyOrder" classname="com.jwattsuk.tradingexchange.matching.OrderBookTest" time="0.001"/>
  <testcase name="testMarketOrderSell" classname="com.jwattsuk.tradingexchange.matching.OrderBookTest" time="0.0"/>
  <testcase name="testEmptyOrderBook" classname="com.jwattsuk.tradingexchange.matching.OrderBookTest" time="0.001"/>
  <testcase name="testPriceTimePriority" classname="com.jwattsuk.tradingexchange.matching.OrderBookTest" time="0.0"/>
  <testcase name="testAddBuyOrder" classname="com.jwattsuk.tradingexchange.matching.OrderBookTest" time="0.0"/>
  <testcase name="testCancelAlreadyFilledOrder" classname="com.jwattsuk.tradingexchange.matching.OrderBookTest" time="0.0"/>
  <testcase name="testCancelOrder" classname="com.jwattsuk.tradingexchange.matching.OrderBookTest" time="0.0"/>
</testsuite>